mode: atomic
golang.org/x/time/rate/rate.go:25.42,26.19 1 14
golang.org/x/time/rate/rate.go:29.2,29.38 1 12
golang.org/x/time/rate/rate.go:26.19,28.3 1 2
golang.org/x/time/rate/rate.go:67.35,71.2 3 0
golang.org/x/time/rate/rate.go:77.33,81.2 3 0
golang.org/x/time/rate/rate.go:84.37,88.20 4 12
golang.org/x/time/rate/rate.go:91.2,91.24 1 12
golang.org/x/time/rate/rate.go:88.20,90.3 1 0
golang.org/x/time/rate/rate.go:96.42,101.2 1 25
golang.org/x/time/rate/rate.go:104.34,106.2 1 2196
golang.org/x/time/rate/rate.go:111.55,113.2 1 2232
golang.org/x/time/rate/rate.go:129.33,131.2 1 0
golang.org/x/time/rate/rate.go:134.45,136.2 1 0
golang.org/x/time/rate/rate.go:145.62,146.11 1 17
golang.org/x/time/rate/rate.go:149.2,150.15 2 17
golang.org/x/time/rate/rate.go:153.2,153.14 1 17
golang.org/x/time/rate/rate.go:146.11,148.3 1 0
golang.org/x/time/rate/rate.go:150.15,152.3 1 0
golang.org/x/time/rate/rate.go:157.32,160.2 2 1
golang.org/x/time/rate/rate.go:165.47,166.11 1 10
golang.org/x/time/rate/rate.go:170.2,173.68 3 9
golang.org/x/time/rate/rate.go:180.2,181.24 2 8
golang.org/x/time/rate/rate.go:185.2,188.51 3 7
golang.org/x/time/rate/rate.go:192.2,194.36 3 7
golang.org/x/time/rate/rate.go:201.2,201.8 1 7
golang.org/x/time/rate/rate.go:166.11,168.3 1 1
golang.org/x/time/rate/rate.go:173.68,175.3 1 1
golang.org/x/time/rate/rate.go:181.24,183.3 1 1
golang.org/x/time/rate/rate.go:188.51,190.3 1 0
golang.org/x/time/rate/rate.go:194.36,196.29 2 4
golang.org/x/time/rate/rate.go:196.29,198.4 1 1
golang.org/x/time/rate/rate.go:205.44,207.2 1 0
golang.org/x/time/rate/rate.go:223.65,226.2 2 0
golang.org/x/time/rate/rate.go:229.59,231.2 1 12
golang.org/x/time/rate/rate.go:237.67,243.31 5 22
golang.org/x/time/rate/rate.go:247.2,247.9 1 21
golang.org/x/time/rate/rate.go:253.2,255.40 3 20
golang.org/x/time/rate/rate.go:259.2,260.11 2 20
golang.org/x/time/rate/rate.go:264.2,265.16 2 17
golang.org/x/time/rate/rate.go:268.2,270.9 3 2
golang.org/x/time/rate/rate.go:243.31,245.3 1 1
golang.org/x/time/rate/rate.go:248.20,249.19 1 1
golang.org/x/time/rate/rate.go:250.10,250.10 0 20
golang.org/x/time/rate/rate.go:255.40,257.3 1 14
golang.org/x/time/rate/rate.go:260.11,262.3 1 3
golang.org/x/time/rate/rate.go:265.16,267.3 1 15
golang.org/x/time/rate/rate.go:271.13,273.13 1 1
golang.org/x/time/rate/rate.go:274.20,278.19 2 1
golang.org/x/time/rate/rate.go:283.46,285.2 1 0
golang.org/x/time/rate/rate.go:290.63,299.2 6 2
golang.org/x/time/rate/rate.go:302.44,304.2 1 0
golang.org/x/time/rate/rate.go:307.61,316.2 6 1
golang.org/x/time/rate/rate.go:321.96,324.22 2 2299
golang.org/x/time/rate/rate.go:334.2,341.16 4 2298
golang.org/x/time/rate/rate.go:346.2,354.8 3 2298
golang.org/x/time/rate/rate.go:360.2,360.8 1 2298
golang.org/x/time/rate/rate.go:368.2,369.10 2 2298
golang.org/x/time/rate/rate.go:324.22,332.3 2 1
golang.org/x/time/rate/rate.go:341.16,343.3 1 1649
golang.org/x/time/rate/rate.go:354.8,357.3 2 682
golang.org/x/time/rate/rate.go:360.8,364.3 3 682
golang.org/x/time/rate/rate.go:364.8,366.3 1 1616
golang.org/x/time/rate/rate.go:375.101,377.22 2 2320
golang.org/x/time/rate/rate.go:382.2,384.26 3 2320
golang.org/x/time/rate/rate.go:389.2,391.49 3 2320
golang.org/x/time/rate/rate.go:395.2,395.26 1 2320
golang.org/x/time/rate/rate.go:377.22,379.3 1 4
golang.org/x/time/rate/rate.go:384.26,386.3 1 26
golang.org/x/time/rate/rate.go:391.49,393.3 1 0
golang.org/x/time/rate/rate.go:400.69,403.2 2 3973
golang.org/x/time/rate/rate.go:407.64,413.2 3 2328
